=== Mon Jun 15 07:40:25 PM UTC 2026 renewal run ===
no renewal needed (cert not within 30-day window)
=== Tue Jun 16 03:30:01 AM UTC 2026 renewal run ===
no renewal needed (cert not within 30-day window)
=== Wed Jun 17 03:30:01 AM UTC 2026 renewal run ===
no renewal needed (cert not within 30-day window)
=== Fri Jun 19 03:30:01 AM UTC 2026 renewal run ===
no renewal needed (cert not within 30-day window)
=== Sat Jun 20 03:30:01 AM UTC 2026 renewal run ===
Unable to find image 'certbot/certbot:latest' locally
latest: Pulling from certbot/certbot
da9b55877a14: Pulling fs layer
e1b8ff8281c8: Pulling fs layer
45b61c595c9b: Pulling fs layer
7f79f311caf3: Pulling fs layer
b972acbeb2f8: Pulling fs layer
14ab3da04cdf: Pulling fs layer
5067ea42d32c: Pulling fs layer
bb975258b557: Pulling fs layer
5404ec0dd73e: Pulling fs layer
92dec4634078: Pulling fs layer
da9b55877a14: Download complete
7f79f311caf3: Download complete
b972acbeb2f8: Download complete
5067ea42d32c: Download complete
5404ec0dd73e: Download complete
bb975258b557: Download complete
e1b8ff8281c8: Download complete
45b61c595c9b: Download complete
92dec4634078: Download complete
5404ec0dd73e: Pull complete
da9b55877a14: Pull complete
7f79f311caf3: Pull complete
b972acbeb2f8: Pull complete
5067ea42d32c: Pull complete
bb975258b557: Pull complete
e1b8ff8281c8: Pull complete
45b61c595c9b: Pull complete
14ab3da04cdf: Download complete
92dec4634078: Pull complete
14ab3da04cdf: Pull complete
Digest: sha256:0107d084c225631fc64a8313e19adb07275f7296fde338f7dfa93986c80b2e3e
Status: Downloaded newer image for certbot/certbot:latest
Unable to find image 'alpine:latest' locally
latest: Pulling from library/alpine
56dceff11b33: Download complete
f5124fb579e2: Download complete
Digest: sha256:28bd5fe8b56d1bd048e5babf5b10710ebe0bae67db86916198a6eec434943f8b
Status: Downloaded newer image for alpine:latest
no renewal needed (cert not within 30-day window)
=== Sun Jun 21 03:30:01 AM UTC 2026 renewal run ===
no renewal needed (cert not within 30-day window)
=== Mon Jun 22 03:30:01 AM UTC 2026 renewal run ===
no renewal needed (cert not within 30-day window)
